2023-03-29 18:26:05.872 [DEBU] {20f803aeebdc5017da88fb4b99a00ebb} [ 67 ms] [default] [push_service_go] [rows:6  ] SHOW FULL COLUMNS FROM `push_service`
2023-03-29 18:26:05.883 [DEBU] {20f803aeebdc5017da88fb4b99a00ebb} [ 11 ms] [default] [push_service_go] [rows:1  ] SELECT `id`,`service_name`,`service_sign`,`service_status`,`service_push_time`,`service_device` FROM `push_service`
2023-03-29 18:26:05.894 [DEBU] {20f803aeebdc5017da88fb4b99a00ebb} [ 11 ms] [default] [push_service_go] [rows:1  ] SELECT COUNT(1) FROM `push_service`
2023-03-29 18:26:08.284 [DEBU] {c0891141ecdc5017db88fb4b1532b1d6} [ 13 ms] [default] [push_service_go] [rows:1  ] SELECT `id`,`service_name`,`service_sign`,`service_status`,`service_push_time`,`service_device` FROM `push_service`
2023-03-29 18:26:08.295 [DEBU] {c0891141ecdc5017db88fb4b1532b1d6} [ 11 ms] [default] [push_service_go] [rows:1  ] SELECT COUNT(1) FROM `push_service`
2023-03-29 19:14:55.590 [DEBU] {78c2d8cd95df5017dd88fb4bf17c572e} [ 63 ms] [default] [push_service_go] [rows:1  ] SELECT `id`,`service_name`,`service_sign`,`service_status`,`service_push_time`,`service_device` FROM `push_service`
2023-03-29 19:14:55.602 [DEBU] {78c2d8cd95df5017dd88fb4bf17c572e} [ 11 ms] [default] [push_service_go] [rows:1  ] SELECT COUNT(1) FROM `push_service`
2023-03-29 19:14:58.774 [DEBU] {008bfc8f96df5017de88fb4b8bb8a8d4} [ 11 ms] [default] [push_service_go] [rows:1  ] SELECT `id`,`service_name`,`service_sign`,`service_status`,`service_push_time`,`service_device` FROM `push_service`
2023-03-29 19:14:58.787 [DEBU] {008bfc8f96df5017de88fb4b8bb8a8d4} [ 12 ms] [default] [push_service_go] [rows:1  ] SELECT COUNT(1) FROM `push_service`
2023-03-29 19:14:59.506 [DEBU] {78c2a3bb96df5017df88fb4b939c6b50} [ 11 ms] [default] [push_service_go] [rows:1  ] SELECT `id`,`service_name`,`service_sign`,`service_status`,`service_push_time`,`service_device` FROM `push_service`
2023-03-29 19:14:59.518 [DEBU] {78c2a3bb96df5017df88fb4b939c6b50} [ 10 ms] [default] [push_service_go] [rows:1  ] SELECT COUNT(1) FROM `push_service`
2023-03-29 19:15:00.128 [DEBU] {d0c19ae096df5017e088fb4b70a88e7d} [ 12 ms] [default] [push_service_go] [rows:1  ] SELECT `id`,`service_name`,`service_sign`,`service_status`,`service_push_time`,`service_device` FROM `push_service`
2023-03-29 19:15:00.139 [DEBU] {d0c19ae096df5017e088fb4b70a88e7d} [ 11 ms] [default] [push_service_go] [rows:1  ] SELECT COUNT(1) FROM `push_service`
2023-03-29 19:15:00.668 [DEBU] {28e9d20097df5017e188fb4b4f9b2d9b} [ 12 ms] [default] [push_service_go] [rows:1  ] SELECT `id`,`service_name`,`service_sign`,`service_status`,`service_push_time`,`service_device` FROM `push_service`
2023-03-29 19:15:00.681 [DEBU] {28e9d20097df5017e188fb4b4f9b2d9b} [ 12 ms] [default] [push_service_go] [rows:1  ] SELECT COUNT(1) FROM `push_service`
2023-03-29 19:15:03.739 [DEBU] {d8cce6b797df5017e288fb4b8346c312} [ 12 ms] [default] [push_service_go] [rows:1  ] SELECT `id`,`service_name`,`service_sign`,`service_status`,`service_push_time`,`service_device` FROM `push_service`
2023-03-29 19:15:03.750 [DEBU] {d8cce6b797df5017e288fb4b8346c312} [ 10 ms] [default] [push_service_go] [rows:1  ] SELECT COUNT(1) FROM `push_service`
2023-03-29 19:15:04.309 [DEBU] {405fded997df5017e388fb4b573477e9} [ 11 ms] [default] [push_service_go] [rows:1  ] SELECT `id`,`service_name`,`service_sign`,`service_status`,`service_push_time`,`service_device` FROM `push_service`
2023-03-29 19:15:04.320 [DEBU] {405fded997df5017e388fb4b573477e9} [ 10 ms] [default] [push_service_go] [rows:1  ] SELECT COUNT(1) FROM `push_service`
2023-03-29 19:15:14.372 [DEBU] {f016a4319adf5017e488fb4beff44592} [ 12 ms] [default] [push_service_go] [rows:1  ] SELECT `id`,`service_name`,`service_sign`,`service_status`,`service_push_time`,`service_device` FROM `push_service`
2023-03-29 19:15:14.383 [DEBU] {f016a4319adf5017e488fb4beff44592} [ 10 ms] [default] [push_service_go] [rows:1  ] SELECT COUNT(1) FROM `push_service`
2023-03-29 19:25:15.326 [DEBU] {b0bed61926e050170e368b5b918cc045} [ 69 ms] [default] [push_service_go] [rows:6  ] SHOW FULL COLUMNS FROM `push_service`
2023-03-29 19:25:15.338 [DEBU] {b0bed61926e050170e368b5b918cc045} [ 10 ms] [default] [push_service_go] [rows:1  ] SELECT `id`,`service_name`,`service_sign`,`service_status`,`service_push_time`,`service_device` FROM `push_service`
2023-03-29 19:25:15.352 [DEBU] {b0bed61926e050170e368b5b918cc045} [ 14 ms] [default] [push_service_go] [rows:1  ] SELECT COUNT(1) FROM `push_service`
2023-03-29 19:29:31.150 [DEBU] {4088f6aa61e05017dad0c80a02e9ac9e} [ 53 ms] [default] [push_service_go] [rows:6  ] SHOW FULL COLUMNS FROM `push_service`
2023-03-29 19:29:31.160 [DEBU] {4088f6aa61e05017dad0c80a02e9ac9e} [  9 ms] [default] [push_service_go] [rows:1  ] SELECT `id`,`service_name`,`service_sign`,`service_status`,`service_push_time`,`service_device` FROM `push_service`
2023-03-29 19:29:31.169 [DEBU] {4088f6aa61e05017dad0c80a02e9ac9e} [  9 ms] [default] [push_service_go] [rows:1  ] SELECT COUNT(1) FROM `push_service`
2023-03-29 19:29:33.205 [DEBU] {f0af372862e05017dbd0c80a784bffbd} [ 10 ms] [default] [push_service_go] [rows:1  ] SELECT `id`,`service_name`,`service_sign`,`service_status`,`service_push_time`,`service_device` FROM `push_service`
2023-03-29 19:29:33.216 [DEBU] {f0af372862e05017dbd0c80a784bffbd} [ 10 ms] [default] [push_service_go] [rows:1  ] SELECT COUNT(1) FROM `push_service`
2023-03-29 19:29:33.737 [DEBU] {e094f24762e05017dcd0c80a57a39746} [  9 ms] [default] [push_service_go] [rows:1  ] SELECT `id`,`service_name`,`service_sign`,`service_status`,`service_push_time`,`service_device` FROM `push_service`
2023-03-29 19:29:33.746 [DEBU] {e094f24762e05017dcd0c80a57a39746} [  9 ms] [default] [push_service_go] [rows:1  ] SELECT COUNT(1) FROM `push_service`
2023-03-29 19:38:51.230 [DEBU] {b8196d11e4e0501753140a5e432a9135} [ 69 ms] [default] [push_service_go] [rows:6  ] SHOW FULL COLUMNS FROM `push_service`
2023-03-29 19:38:51.254 [DEBU] {b8196d11e4e0501753140a5e432a9135} [ 22 ms] [default] [push_service_go] [rows:1  ] INSERT INTO `push_service`(`service_device`,`id`,`service_name`,`service_sign`,`service_status`,`service_push_time`) VALUES('',0,'UptimeKuma','UptimeKuma_Push',true,'2023-03-29 19:38:51') 
2023-03-29 19:40:01.597 [DEBU] {20eb4373f4e0501754140a5ee6154823} [ 77 ms] [default] [push_service_go] [rows:1  ] INSERT INTO `push_service`(`id`,`service_name`,`service_sign`,`service_status`,`service_push_time`,`service_device`) VALUES(0,'UptimeKuma','UptimeKuma_Push',true,'2023-03-29 19:40:01','') 
2023-03-29 19:50:18.071 [DEBU] {00d8e9fc83e15017422a706c43369e35} [ 60 ms] [default] [push_service_go] [rows:6  ] SHOW FULL COLUMNS FROM `push_service`
2023-03-29 19:50:18.098 [DEBU] {00d8e9fc83e15017422a706c43369e35} [ 25 ms] [default] [push_service_go] [rows:1  ] SELECT COUNT(1) FROM `push_service` WHERE `service_name`='UptimeKuma'
2023-03-29 19:50:19.211 [DEBU] {007d5d4384e15017432a706c7f52ca25} [ 19 ms] [default] [push_service_go] [rows:1  ] SELECT COUNT(1) FROM `push_service` WHERE `service_name`='UptimeKuma'
2023-03-29 19:50:22.449 [DEBU] {f85f480485e15017442a706c70a3a879} [ 21 ms] [default] [push_service_go] [rows:1  ] SELECT COUNT(1) FROM `push_service` WHERE `service_name`='UptimeKuma'
2023-03-29 19:56:06.845 [DEBU] {c06c5932d5e150173792ba6b1bae396d} [ 46 ms] [default] [push_service_go] [rows:6  ] SHOW FULL COLUMNS FROM `push_service`
2023-03-29 19:56:06.868 [DEBU] {c06c5932d5e150173792ba6b1bae396d} [ 22 ms] [default] [push_service_go] [rows:1  ] SELECT COUNT(1) FROM `push_service` WHERE `service_name`='UptimeKuma1'
2023-03-29 19:56:06.883 [DEBU] {c06c5932d5e150173792ba6b1bae396d} [ 15 ms] [default] [push_service_go] [rows:1  ] SELECT COUNT(1) FROM `push_service` WHERE `service_sign`='UptimeKuma_Push'
2023-03-29 19:56:10.462 [DEBU] {2097c20bd6e150173892ba6bcfe15382} [ 16 ms] [default] [push_service_go] [rows:1  ] SELECT COUNT(1) FROM `push_service` WHERE `service_name`='UptimeKuma1'
2023-03-29 19:56:10.478 [DEBU] {2097c20bd6e150173892ba6bcfe15382} [ 16 ms] [default] [push_service_go] [rows:1  ] SELECT COUNT(1) FROM `push_service` WHERE `service_sign`='UptimeKuma_Push1'
2023-03-29 19:56:10.495 [DEBU] {2097c20bd6e150173892ba6bcfe15382} [ 17 ms] [default] [push_service_go] [rows:1  ] INSERT INTO `push_service`(`service_status`,`service_push_time`,`service_device`,`id`,`service_name`,`service_sign`) VALUES(true,'2023-03-29 19:56:10','',0,'UptimeKuma1','UptimeKuma_Push1') 
2023-03-29 19:56:36.295 [DEBU] {d060760fdce150173992ba6b120ad08a} [ 17 ms] [default] [push_service_go] [rows:1  ] SELECT COUNT(1) FROM `push_service` WHERE `service_name`='UptimeKuma1'
2023-03-29 19:56:39.638 [DEBU] {904143d3dce150173a92ba6b3a88fd57} [ 76 ms] [default] [push_service_go] [rows:1  ] SELECT COUNT(1) FROM `push_service` WHERE `service_name`='UptimeKuma1'
2023-03-29 19:56:48.449 [DEBU] {389797e3dee150173b92ba6b93ca5834} [ 23 ms] [default] [push_service_go] [rows:1  ] SELECT COUNT(1) FROM `push_service` WHERE `service_name`='UptimeKuma1'
2023-03-29 19:56:48.472 [DEBU] {389797e3dee150173b92ba6b93ca5834} [ 22 ms] [default] [push_service_go] [rows:1  ] SELECT COUNT(1) FROM `push_service` WHERE `service_sign`='UptimeKuma_Push1'
2023-03-29 19:56:48.496 [DEBU] {389797e3dee150173b92ba6b93ca5834} [ 24 ms] [default] [push_service_go] [rows:1  ] INSERT INTO `push_service`(`service_device`,`id`,`service_name`,`service_sign`,`service_status`,`service_push_time`) VALUES('',0,'UptimeKuma1','UptimeKuma_Push1',true,'2023-03-29 19:56:48') 
2023-03-29 19:58:01.683 [DEBU] {184f61eeefe150179a3d61606af679bb} [ 59 ms] [default] [push_service_go] [rows:6  ] SHOW FULL COLUMNS FROM `push_service`
2023-03-29 19:58:01.706 [DEBU] {184f61eeefe150179a3d61606af679bb} [ 22 ms] [default] [push_service_go] [rows:1  ] SELECT COUNT(1) FROM `push_service` WHERE `service_name`='UptimeKuma1'
2023-03-29 19:58:01.724 [DEBU] {184f61eeefe150179a3d61606af679bb} [ 18 ms] [default] [push_service_go] [rows:1  ] SELECT COUNT(1) FROM `push_service` WHERE `service_sign`='UptimeKuma_Push1'
2023-03-29 19:58:01.757 [DEBU] {184f61eeefe150179a3d61606af679bb} [ 31 ms] [default] [push_service_go] [rows:1  ] INSERT INTO `push_service`(`service_name`,`service_sign`,`service_status`,`service_push_time`,`service_device`,`id`) VALUES('UptimeKuma1','UptimeKuma_Push1',true,'2023-03-29 19:58:01','',0) 
2023-03-29 19:58:08.024 [DEBU] {48d4e76af1e150179b3d61608affe097} [ 18 ms] [default] [push_service_go] [rows:1  ] SELECT COUNT(1) FROM `push_service` WHERE `service_name`='些马情二主习'
2023-03-29 19:58:08.041 [DEBU] {48d4e76af1e150179b3d61608affe097} [ 17 ms] [default] [push_service_go] [rows:1  ] SELECT COUNT(1) FROM `push_service` WHERE `service_sign`='commodo sed'
2023-03-29 19:58:08.062 [DEBU] {48d4e76af1e150179b3d61608affe097} [ 21 ms] [default] [push_service_go] [rows:1  ] INSERT INTO `push_service`(`service_device`,`id`,`service_name`,`service_sign`,`service_status`,`service_push_time`) VALUES('',0,'些马情二主习','commodo sed',true,'2023-03-29 19:58:08') 
2023-03-29 19:58:22.339 [DEBU] {30ced2bdf4e15017aedf8372c4764c1b} [ 55 ms] [default] [push_service_go] [rows:6  ] SHOW FULL COLUMNS FROM `push_service`
2023-03-29 19:58:22.360 [DEBU] {30ced2bdf4e15017aedf8372c4764c1b} [ 19 ms] [default] [push_service_go] [rows:1  ] SELECT COUNT(1) FROM `push_service` WHERE `service_name`='些马情二主习'
2023-03-29 19:58:25.664 [DEBU] {20ce3c86f5e15017afdf8372981d1eda} [ 19 ms] [default] [push_service_go] [rows:1  ] SELECT COUNT(1) FROM `push_service` WHERE `service_name`='石属些当社积通'
2023-03-29 19:58:25.683 [DEBU] {20ce3c86f5e15017afdf8372981d1eda} [ 19 ms] [default] [push_service_go] [rows:1  ] SELECT COUNT(1) FROM `push_service` WHERE `service_sign`='deserunt Lorem sed commodo aliquip'
2023-03-29 19:58:25.704 [DEBU] {20ce3c86f5e15017afdf8372981d1eda} [ 20 ms] [default] [push_service_go] [rows:1  ] INSERT INTO `push_service`(`id`,`service_name`,`service_sign`,`service_status`,`service_push_time`,`service_device`) VALUES(0,'石属些当社积通','deserunt Lorem sed commodo aliquip',true,'2023-03-29 19:58:25','') 
2023-03-29 19:59:59.391 [DEBU] {380fef550be25017531abd23453b16ab} [ 65 ms] [default] [push_service_go] [rows:6  ] SHOW FULL COLUMNS FROM `push_service`
2023-03-29 19:59:59.415 [DEBU] {380fef550be25017531abd23453b16ab} [ 23 ms] [default] [push_service_go] [rows:1  ] SELECT COUNT(1) FROM `push_service` WHERE `service_name`='整复斯能本'
2023-03-29 19:59:59.438 [DEBU] {380fef550be25017531abd23453b16ab} [ 22 ms] [default] [push_service_go] [rows:1  ] SELECT COUNT(1) FROM `push_service` WHERE `service_sign`='eiusmod eu nostrud consectetur'
2023-03-29 19:59:59.461 [DEBU] {380fef550be25017531abd23453b16ab} [ 23 ms] [default] [push_service_go] [rows:1  ] INSERT INTO `push_service`(`service_device`,`id`,`service_name`,`service_sign`,`service_status`,`service_push_time`) VALUES('',0,'整复斯能本','eiusmod eu nostrud consectetur',true,'2023-03-29 19:59:59') 
2023-03-29 20:10:01.086 [DEBU] {00a3126d97e250172d63196d224b1ca7} [ 77 ms] [default] [push_service_go] [rows:6  ] SHOW FULL COLUMNS FROM `push_service`
2023-03-29 20:10:01.106 [DEBU] {00a3126d97e250172d63196d224b1ca7} [ 19 ms] [default] [push_service_go] [rows:1  ] SELECT COUNT(1) FROM `push_service` WHERE `service_name`='整复斯能本'
2023-03-29 20:10:34.158 [DEBU] {003c63219fe25017a31b7f2c2c3c715b} [ 59 ms] [default] [push_service_go] [rows:6  ] SHOW FULL COLUMNS FROM `push_service`
2023-03-29 20:10:34.179 [DEBU] {003c63219fe25017a31b7f2c2c3c715b} [ 20 ms] [default] [push_service_go] [rows:1  ] SELECT COUNT(1) FROM `push_service` WHERE `service_name`='整复斯能本'
2023-03-29 20:10:34.941 [DEBU] {00a564529fe25017a41b7f2c5620f67e} [ 22 ms] [default] [push_service_go] [rows:1  ] SELECT COUNT(1) FROM `push_service` WHERE `service_name`='整复斯能本'
2023-03-29 20:10:50.134 [DEBU] {304aafd9a2e2501744bbea5b21d7675b} [ 59 ms] [default] [push_service_go] [rows:6  ] SHOW FULL COLUMNS FROM `push_service`
2023-03-29 20:10:50.153 [DEBU] {304aafd9a2e2501744bbea5b21d7675b} [ 19 ms] [default] [push_service_go] [rows:1  ] SELECT COUNT(1) FROM `push_service` WHERE `service_name`='整复斯能本'
2023-03-29 20:11:02.868 [DEBU] {80a10ed0a5e250179984012866bb98c1} [ 70 ms] [default] [push_service_go] [rows:6  ] SHOW FULL COLUMNS FROM `push_service`
2023-03-29 20:11:02.894 [DEBU] {80a10ed0a5e250179984012866bb98c1} [ 25 ms] [default] [push_service_go] [rows:1  ] SELECT COUNT(1) FROM `push_service` WHERE `service_name`='整复斯能本'
2023-03-29 20:11:43.159 [DEBU] {c0e72731afe25017cdbf775720aa4279} [ 74 ms] [default] [push_service_go] [rows:6  ] SHOW FULL COLUMNS FROM `push_service`
2023-03-29 20:11:43.182 [DEBU] {c0e72731afe25017cdbf775720aa4279} [ 23 ms] [default] [push_service_go] [rows:1  ] SELECT COUNT(1) FROM `push_service` WHERE `service_name`='整复斯能本'
2023-03-29 20:11:43.865 [DEBU] {d831845eafe25017cebf7757812da194} [ 23 ms] [default] [push_service_go] [rows:1  ] SELECT COUNT(1) FROM `push_service` WHERE `service_name`='整复斯能本'
2023-03-29 20:11:46.692 [DEBU] {38254904b0e25017684ab23f37470606} [ 68 ms] [default] [push_service_go] [rows:6  ] SHOW FULL COLUMNS FROM `push_service`
2023-03-29 20:11:46.716 [DEBU] {38254904b0e25017684ab23f37470606} [ 24 ms] [default] [push_service_go] [rows:1  ] SELECT COUNT(1) FROM `push_service` WHERE `service_name`='整复斯能本'
2023-03-29 20:12:10.345 [DEBU] {c86ecf85b5e250174fc7296935a61e72} [ 71 ms] [default] [push_service_go] [rows:6  ] SHOW FULL COLUMNS FROM `push_service`
2023-03-29 20:12:10.371 [DEBU] {c86ecf85b5e250174fc7296935a61e72} [ 25 ms] [default] [push_service_go] [rows:1  ] SELECT COUNT(1) FROM `push_service` WHERE `service_name`='整复斯能本'
2023-03-29 20:12:55.493 [DEBU] {d8388509c0e25017179eec097ae3c442} [ 62 ms] [default] [push_service_go] [rows:6  ] SHOW FULL COLUMNS FROM `push_service`
2023-03-29 20:12:55.514 [DEBU] {d8388509c0e25017179eec097ae3c442} [ 20 ms] [default] [push_service_go] [rows:1  ] SELECT COUNT(1) FROM `push_service` WHERE `service_name`='整复斯能本'
2023-03-29 20:13:07.036 [DEBU] {b83276b9c2e25017487e43716e58e702} [ 63 ms] [default] [push_service_go] [rows:6  ] SHOW FULL COLUMNS FROM `push_service`
2023-03-29 20:13:07.058 [DEBU] {b83276b9c2e25017487e43716e58e702} [ 21 ms] [default] [push_service_go] [rows:1  ] SELECT COUNT(1) FROM `push_service` WHERE `service_name`='整复斯能本'
2023-03-29 20:13:28.534 [DEBU] {8852b2bac7e25017cb8c4160b09e0c86} [ 64 ms] [default] [push_service_go] [rows:6  ] SHOW FULL COLUMNS FROM `push_service`
2023-03-29 20:13:28.555 [DEBU] {8852b2bac7e25017cb8c4160b09e0c86} [ 21 ms] [default] [push_service_go] [rows:1  ] SELECT COUNT(1) FROM `push_service` WHERE `service_name`='整复斯能本'
2023-03-29 20:14:18.737 [DEBU] {f04f2c6bd3e25017a896f871295c5a32} [ 62 ms] [default] [push_service_go] [rows:6  ] SHOW FULL COLUMNS FROM `push_service`
2023-03-29 20:14:18.759 [DEBU] {f04f2c6bd3e25017a896f871295c5a32} [ 21 ms] [default] [push_service_go] [rows:1  ] SELECT COUNT(1) FROM `push_service` WHERE `service_name`='整复斯能本'
2023-03-29 20:14:19.420 [DEBU] {405f4296d3e25017a996f871632cb0c6} [ 23 ms] [default] [push_service_go] [rows:1  ] SELECT COUNT(1) FROM `push_service` WHERE `service_name`='整复斯能本'
2023-03-29 20:15:19.213 [DEBU] {984b3880e1e2501708f1790e83ba57a4} [ 56 ms] [default] [push_service_go] [rows:6  ] SHOW FULL COLUMNS FROM `push_service`
2023-03-29 20:15:19.233 [DEBU] {984b3880e1e2501708f1790e83ba57a4} [ 19 ms] [default] [push_service_go] [rows:1  ] SELECT COUNT(1) FROM `push_service` WHERE `service_name`='整复斯能本'
2023-03-29 20:15:53.512 [DEBU] {10d3257ce9e25017c93bd10ab895eac5} [ 63 ms] [default] [push_service_go] [rows:6  ] SHOW FULL COLUMNS FROM `push_service`
2023-03-29 20:15:53.533 [DEBU] {10d3257ce9e25017c93bd10ab895eac5} [ 20 ms] [default] [push_service_go] [rows:1  ] SELECT COUNT(1) FROM `push_service` WHERE `service_name`='整复斯能本'
2023-03-29 20:16:01.600 [DEBU] {4031f260ebe25017ca3bd10a047a7286} [ 19 ms] [default] [push_service_go] [rows:1  ] SELECT COUNT(1) FROM `push_service` WHERE `service_name`='整复斯能本'
2023-03-29 20:16:05.216 [DEBU] {30f15f38ece25017cb3bd10a2aae4b74} [ 21 ms] [default] [push_service_go] [rows:1  ] SELECT COUNT(1) FROM `push_service` WHERE `service_name`='整复斯能本'
2023-03-29 20:16:05.688 [DEBU] {e8d57954ece25017cc3bd10a7984d1cd} [ 21 ms] [default] [push_service_go] [rows:1  ] SELECT COUNT(1) FROM `push_service` WHERE `service_name`='整复斯能本'
2023-03-29 20:16:06.187 [DEBU] {d0504472ece25017cd3bd10abec025e6} [ 21 ms] [default] [push_service_go] [rows:1  ] SELECT COUNT(1) FROM `push_service` WHERE `service_name`='整复斯能本'
2023-03-29 20:16:06.758 [DEBU] {a0a15194ece25017ce3bd10a9dc127f0} [ 20 ms] [default] [push_service_go] [rows:1  ] SELECT COUNT(1) FROM `push_service` WHERE `service_name`='整复斯能本'
2023-03-29 20:16:07.274 [DEBU] {7846cab2ece25017cf3bd10a03736807} [ 25 ms] [default] [push_service_go] [rows:1  ] SELECT COUNT(1) FROM `push_service` WHERE `service_name`='整复斯能本'
2023-03-29 20:16:07.749 [DEBU] {c0b370cfece25017d03bd10aa4aee8ea} [ 19 ms] [default] [push_service_go] [rows:1  ] SELECT COUNT(1) FROM `push_service` WHERE `service_name`='整复斯能本'
2023-03-29 20:16:40.608 [DEBU] {28053e73f4e2501758dd4518318b2773} [ 61 ms] [default] [push_service_go] [rows:6  ] SHOW FULL COLUMNS FROM `push_service`
2023-03-29 20:16:40.633 [DEBU] {28053e73f4e2501758dd4518318b2773} [ 24 ms] [default] [push_service_go] [rows:1  ] SELECT COUNT(1) FROM `push_service` WHERE `service_name`='步以那去'
2023-03-29 20:16:40.655 [DEBU] {28053e73f4e2501758dd4518318b2773} [ 22 ms] [default] [push_service_go] [rows:1  ] SELECT COUNT(1) FROM `push_service` WHERE `service_sign`='enim proident ut minim voluptate'
2023-03-29 20:16:40.682 [DEBU] {28053e73f4e2501758dd4518318b2773} [ 24 ms] [default] [push_service_go] [rows:1  ] INSERT INTO `push_service`(`service_device`,`id`,`service_name`,`service_sign`,`service_status`,`service_push_time`) VALUES('',0,'步以那去','enim proident ut minim voluptate',true,'2023-03-29 20:16:40') 
2023-03-29 20:16:44.142 [DEBU] {50478548f5e2501759dd4518cf1549c6} [ 21 ms] [default] [push_service_go] [rows:1  ] SELECT COUNT(1) FROM `push_service` WHERE `service_name`='统反素细增争走'
2023-03-29 20:16:44.164 [DEBU] {50478548f5e2501759dd4518cf1549c6} [ 21 ms] [default] [push_service_go] [rows:1  ] SELECT COUNT(1) FROM `push_service` WHERE `service_sign`='velit'
2023-03-29 20:16:44.189 [DEBU] {50478548f5e2501759dd4518cf1549c6} [ 24 ms] [default] [push_service_go] [rows:1  ] INSERT INTO `push_service`(`service_sign`,`service_status`,`service_push_time`,`service_device`,`id`,`service_name`) VALUES('velit',true,'2023-03-29 20:16:44','',0,'统反素细增争走') 
2023-03-29 20:16:46.692 [DEBU] {688a69e0f5e250175add4518a81451bc} [ 23 ms] [default] [push_service_go] [rows:1  ] SELECT COUNT(1) FROM `push_service` WHERE `service_name`='识着百会'
2023-03-29 20:16:46.714 [DEBU] {688a69e0f5e250175add4518a81451bc} [ 21 ms] [default] [push_service_go] [rows:1  ] SELECT COUNT(1) FROM `push_service` WHERE `service_sign`='mollit dolor'
2023-03-29 20:16:46.737 [DEBU] {688a69e0f5e250175add4518a81451bc} [ 22 ms] [default] [push_service_go] [rows:1  ] INSERT INTO `push_service`(`service_push_time`,`service_device`,`id`,`service_name`,`service_sign`,`service_status`) VALUES('2023-03-29 20:16:46','',0,'识着百会','mollit dolor',true) 
2023-03-29 20:16:49.422 [DEBU] {40712a83f6e250175bdd4518ca44d1f7} [ 22 ms] [default] [push_service_go] [rows:1  ] SELECT COUNT(1) FROM `push_service` WHERE `service_name`='它美共'
2023-03-29 20:16:49.443 [DEBU] {40712a83f6e250175bdd4518ca44d1f7} [ 20 ms] [default] [push_service_go] [rows:1  ] SELECT COUNT(1) FROM `push_service` WHERE `service_sign`='sunt'
2023-03-29 20:16:49.466 [DEBU] {40712a83f6e250175bdd4518ca44d1f7} [ 23 ms] [default] [push_service_go] [rows:1  ] INSERT INTO `push_service`(`id`,`service_name`,`service_sign`,`service_status`,`service_push_time`,`service_device`) VALUES(0,'它美共','sunt',true,'2023-03-29 20:16:49','') 
2023-03-29 20:26:26.694 [DEBU] {f0c1bfe87ce35017b154ac77e48f4c7e} [ 63 ms] [default] [push_service_go] [rows:6  ] SHOW FULL COLUMNS FROM `push_service`
2023-03-29 20:26:26.715 [DEBU] {f0c1bfe87ce35017b154ac77e48f4c7e} [ 20 ms] [default] [push_service_go] [rows:1  ] SELECT COUNT(1) FROM `push_service` WHERE `service_name`='它美共'
2023-03-29 20:26:26.738 [DEBU] {f0c1bfe87ce35017b154ac77e48f4c7e} [ 23 ms] [default] [push_service_go] [rows:1  ] SELECT COUNT(1) FROM `push_service` WHERE `service_sign`='sunt'
2023-03-29 20:26:26.763 [DEBU] {f0c1bfe87ce35017b154ac77e48f4c7e} [ 24 ms] [default] [push_service_go] [rows:1  ] INSERT INTO `push_service`(`service_device`,`id`,`service_name`,`service_sign`,`service_status`,`service_push_time`) VALUES('',0,'它美共','sunt',true,'2023-03-29 20:26:26') 
2023-03-29 20:26:30.091 [DEBU] {688bc4b57de35017b254ac77d1a4c450} [ 22 ms] [default] [push_service_go] [rows:1  ] SELECT COUNT(1) FROM `push_service` WHERE `service_name`='它美共'
2023-03-29 20:26:30.790 [DEBU] {c80e6cdf7de35017b354ac776133dba7} [ 21 ms] [default] [push_service_go] [rows:1  ] SELECT COUNT(1) FROM `push_service` WHERE `service_name`='它美共'
2023-03-29 20:26:31.272 [DEBU] {582134fc7de35017b454ac77e4f8b6ec} [ 21 ms] [default] [push_service_go] [rows:1  ] SELECT COUNT(1) FROM `push_service` WHERE `service_name`='它美共'
2023-03-29 20:26:33.023 [DEBU] {80e782647ee35017b554ac7790cc1ccb} [ 22 ms] [default] [push_service_go] [rows:1  ] SELECT COUNT(1) FROM `push_service` WHERE `service_name`='今算京月有好'
2023-03-29 20:26:33.045 [DEBU] {80e782647ee35017b554ac7790cc1ccb} [ 21 ms] [default] [push_service_go] [rows:1  ] SELECT COUNT(1) FROM `push_service` WHERE `service_sign`='veniam exercitation'
2023-03-29 20:26:33.069 [DEBU] {80e782647ee35017b554ac7790cc1ccb} [ 24 ms] [default] [push_service_go] [rows:1  ] INSERT INTO `push_service`(`service_push_time`,`service_device`,`id`,`service_name`,`service_sign`,`service_status`) VALUES('2023-03-29 20:26:33','',0,'今算京月有好','veniam exercitation',true) 
2023-03-29 20:26:35.307 [DEBU] {c84dabec7ee35017b654ac77b540cf20} [ 22 ms] [default] [push_service_go] [rows:1  ] SELECT COUNT(1) FROM `push_service` WHERE `service_name`='转难列被反'
2023-03-29 20:26:35.328 [DEBU] {c84dabec7ee35017b654ac77b540cf20} [ 21 ms] [default] [push_service_go] [rows:1  ] SELECT COUNT(1) FROM `push_service` WHERE `service_sign`='tempor incididunt quis consectetur occaecat'
2023-03-29 20:26:35.350 [DEBU] {c84dabec7ee35017b654ac77b540cf20} [ 22 ms] [default] [push_service_go] [rows:1  ] INSERT INTO `push_service`(`service_sign`,`service_status`,`service_push_time`,`service_device`,`id`,`service_name`) VALUES('tempor incididunt quis consectetur occaecat',true,'2023-03-29 20:26:35','',0,'转难列被反') 
2023-03-29 20:26:37.550 [DEBU] {486367727fe35017b754ac77fe711fd2} [ 21 ms] [default] [push_service_go] [rows:1  ] SELECT COUNT(1) FROM `push_service` WHERE `service_name`='存是没准边周'
2023-03-29 20:26:37.572 [DEBU] {486367727fe35017b754ac77fe711fd2} [ 20 ms] [default] [push_service_go] [rows:1  ] SELECT COUNT(1) FROM `push_service` WHERE `service_sign`='ex'
2023-03-29 20:26:37.595 [DEBU] {486367727fe35017b754ac77fe711fd2} [ 21 ms] [default] [push_service_go] [rows:1  ] INSERT INTO `push_service`(`id`,`service_name`,`service_sign`,`service_status`,`service_push_time`,`service_device`) VALUES(0,'存是没准边周','ex',true,'2023-03-29 20:26:37','') 
2023-03-29 20:26:38.357 [DEBU] {c8f871a27fe35017b854ac7789751173} [ 22 ms] [default] [push_service_go] [rows:1  ] SELECT COUNT(1) FROM `push_service` WHERE `service_name`='存是没准边周'
2023-03-29 20:26:39.971 [DEBU] {e84bb70280e35017b954ac778735835f} [ 21 ms] [default] [push_service_go] [rows:1  ] SELECT COUNT(1) FROM `push_service` WHERE `service_name`='存是没准边周'
2023-03-29 20:29:14.471 [DEBU] {28645ef8a3e350176489fe771251a10f} [ 70 ms] [default] [push_service_go] [rows:6  ] SHOW FULL COLUMNS FROM `push_service`
2023-03-29 20:29:14.483 [DEBU] {28645ef8a3e350176489fe771251a10f} [ 11 ms] [default] [push_service_go] [rows:1  ] SELECT `id`,`service_name`,`service_sign`,`service_status`,`service_push_time`,`service_device` FROM `push_service`
2023-03-29 20:29:14.495 [DEBU] {28645ef8a3e350176489fe771251a10f} [ 11 ms] [default] [push_service_go] [rows:1  ] SELECT COUNT(1) FROM `push_service`
2023-03-29 20:29:15.716 [DEBU] {38e14646a4e350176589fe7792741816} [ 13 ms] [default] [push_service_go] [rows:1  ] SELECT `id`,`service_name`,`service_sign`,`service_status`,`service_push_time`,`service_device` FROM `push_service`
2023-03-29 20:29:15.728 [DEBU] {38e14646a4e350176589fe7792741816} [ 12 ms] [default] [push_service_go] [rows:1  ] SELECT COUNT(1) FROM `push_service`
2023-03-29 20:29:16.322 [DEBU] {1857726aa4e350176689fe777ebe0d0e} [ 13 ms] [default] [push_service_go] [rows:1  ] SELECT `id`,`service_name`,`service_sign`,`service_status`,`service_push_time`,`service_device` FROM `push_service`
2023-03-29 20:29:16.336 [DEBU] {1857726aa4e350176689fe777ebe0d0e} [ 14 ms] [default] [push_service_go] [rows:1  ] SELECT COUNT(1) FROM `push_service`
2023-03-29 20:59:27.854 [DEBU] {08b6572f4ae55017efb48f0b2ceb6ba0} [ 59 ms] [default] [push_service_go] [rows:6  ] SHOW FULL COLUMNS FROM `push_service`
2023-03-29 20:59:27.887 [DEBU] {08b6572f4ae55017efb48f0b2ceb6ba0} [ 32 ms] [default] [push_service_go] [rows:1  ] UPDATE `push_service` SET `service_name`='',`service_sign`='',`service_status`=true,`service_push_time`=null,`service_device`='',`id`=0 WHERE `id`=2
2023-03-29 20:59:29.996 [DEBU] {18115bb14ae55017f0b48f0bca82f538} [ 21 ms] [default] [push_service_go] [rows:0  ] UPDATE `push_service` SET `service_name`='',`service_sign`='',`service_status`=true,`service_push_time`=null,`service_device`='',`id`=0 WHERE `id`=2
2023-03-29 20:59:34.846 [DEBU] {e83c65d24be55017f1b48f0b505fc022} [ 22 ms] [default] [push_service_go] [rows:0  ] UPDATE `push_service` SET `service_name`='',`service_sign`='',`service_status`=false,`service_push_time`=null,`service_device`='',`id`=0 WHERE `id`=2
2023-03-29 21:02:16.423 [DEBU] {40a4ed6e71e550179a1c1902348605a4} [ 56 ms] [default] [push_service_go] [rows:6  ] SHOW FULL COLUMNS FROM `push_service`
2023-03-29 21:02:16.453 [DEBU] {40a4ed6e71e550179a1c1902348605a4} [ 28 ms] [default] [push_service_go] [rows:1  ] SELECT COUNT(1) FROM `push_service` WHERE `service_name`='商儿下'
2023-03-29 21:02:16.471 [DEBU] {40a4ed6e71e550179a1c1902348605a4} [ 18 ms] [default] [push_service_go] [rows:1  ] SELECT COUNT(1) FROM `push_service` WHERE `service_sign`='officia fugiat cupidatat'
2023-03-29 21:02:16.490 [DEBU] {40a4ed6e71e550179a1c1902348605a4} [ 19 ms] [default] [push_service_go] [rows:1  ] INSERT INTO `push_service`(`service_name`,`service_sign`,`service_status`,`service_push_time`,`service_device`,`id`) VALUES('商儿下','officia fugiat cupidatat',true,'2023-03-29 21:02:16','',0) 
2023-03-29 21:04:56.455 [DEBU] {68311cb196e55017ca549a5b78e50ea5} [ 65 ms] [default] [push_service_go] [rows:6  ] SHOW FULL COLUMNS FROM `push_service`
2023-03-29 21:04:56.482 [DEBU] {68311cb196e55017ca549a5b78e50ea5} [ 25 ms] [default] [push_service_go] [rows:1  ] SELECT COUNT(1) FROM `push_service` WHERE `service_name`='才较国界林节族'
2023-03-29 21:04:56.505 [DEBU] {68311cb196e55017ca549a5b78e50ea5} [ 23 ms] [default] [push_service_go] [rows:1  ] SELECT COUNT(1) FROM `push_service` WHERE `service_sign`='do aliquip ut in'
2023-03-29 21:04:56.530 [DEBU] {68311cb196e55017ca549a5b78e50ea5} [ 25 ms] [default] [push_service_go] [rows:1  ] INSERT INTO `push_service`(`service_name`,`service_sign`,`service_status`,`service_push_time`,`service_device`,`id`) VALUES('才较国界林节族','do aliquip ut in',true,'2023-03-29 21:04:56','',0) 
2023-03-29 21:05:05.876 [DEBU] {e05af4e498e55017cb549a5bb33df563} [ 26 ms] [default] [push_service_go] [rows:1  ] UPDATE `push_service` SET `id`=2,`service_status`=false WHERE `id`=2
2023-03-29 21:05:12.694 [DEBU] {f0cb7b7b9ae55017cc549a5b017edf0f} [ 25 ms] [default] [push_service_go] [rows:1  ] UPDATE `push_service` SET `id`=1,`service_status`=false WHERE `id`=1
2023-03-29 21:05:19.173 [DEBU] {4811b0fd9be55017cd549a5b92cccb84} [ 25 ms] [default] [push_service_go] [rows:1  ] UPDATE `push_service` SET `id`=1,`service_status`=true WHERE `id`=1
2023-03-29 21:05:22.401 [DEBU] {307b01be9ce55017ce549a5ba89262af} [ 26 ms] [default] [push_service_go] [rows:1  ] UPDATE `push_service` SET `id`=2,`service_status`=true WHERE `id`=2
2023-03-29 21:06:47.995 [DEBU] {f86702a9b0e55017cf549a5bbfb84081} [ 73 ms] [default] [push_service_go] [rows:0  ] UPDATE `push_service` SET `id`=2,`service_status`=true WHERE `id`=2
2023-03-29 21:35:51.129 [DEBU] {c8e9b18346e750174b5dc67a0a16446a} [ 74 ms] [default] [push_service_go] [rows:6  ] SHOW FULL COLUMNS FROM `push_service`
2023-03-29 21:35:51.158 [DEBU] {c8e9b18346e750174b5dc67a0a16446a} [ 26 ms] [default] [push_service_go] [rows:0  ] UPDATE `push_service` SET `id`=2,`service_status`=true WHERE `id`=2
2023-03-29 21:45:39.421 [DEBU] {d096797dcfe7501714c5357f419c83b7} [ 61 ms] [default] [push_service_go] [rows:6  ] SHOW FULL COLUMNS FROM `push_device`
2023-03-29 21:45:39.435 [ERRO] {d096797dcfe7501714c5357f419c83b7} [ 10 ms] [default] [push_service_go] [rows:0  ] SELECT `id`,`base_url`,`service_id_list`,`latetst_push_time`,`device_status`,`create_time` FROM `push_device` WHERE device_id = 1 LIMIT 1
Error: Error 1054: Unknown column 'device_id' in 'where clause'
Stack:
1.  github.com/gogf/gf/v2/database/gdb.(*Core).writeSqlToLogger
    /Users/laixin/go/pkg/mod/github.com/gogf/gf/v2@v2.3.1/database/gdb/gdb_core.go:663
2.  github.com/gogf/gf/v2/database/gdb.(*Core).DoCommit
    /Users/laixin/go/pkg/mod/github.com/gogf/gf/v2@v2.3.1/database/gdb/gdb_core_underlying.go:278
3.  github.com/gogf/gf/v2/database/gdb.(*Core).DoQuery
    /Users/laixin/go/pkg/mod/github.com/gogf/gf/v2@v2.3.1/database/gdb/gdb_core_underlying.go:74
4.  github.com/gogf/gf/v2/database/gdb.(*Core).DoSelect
    /Users/laixin/go/pkg/mod/github.com/gogf/gf/v2@v2.3.1/database/gdb/gdb_core.go:144
5.  github.com/gogf/gf/v2/database/gdb.(*HookSelectInput).Next
    /Users/laixin/go/pkg/mod/github.com/gogf/gf/v2@v2.3.1/database/gdb/gdb_model_hook.go:113
6.  github.com/gogf/gf/v2/database/gdb.(*Model).doGetAllBySql
    /Users/laixin/go/pkg/mod/github.com/gogf/gf/v2@v2.3.1/database/gdb/gdb_model_select.go:492
7.  github.com/gogf/gf/v2/database/gdb.(*Model).doGetAll
    /Users/laixin/go/pkg/mod/github.com/gogf/gf/v2@v2.3.1/database/gdb/gdb_model_select.go:471
8.  github.com/gogf/gf/v2/database/gdb.(*Model).One
    /Users/laixin/go/pkg/mod/github.com/gogf/gf/v2@v2.3.1/database/gdb/gdb_model_select.go:70
9.  github.com/gogf/gf/v2/database/gdb.(*Model).doStruct
    /Users/laixin/go/pkg/mod/github.com/gogf/gf/v2@v2.3.1/database/gdb/gdb_model_select.go:129
10. github.com/gogf/gf/v2/database/gdb.(*Model).Scan
    /Users/laixin/go/pkg/mod/github.com/gogf/gf/v2@v2.3.1/database/gdb/gdb_model_select.go:217
11. push/internal/logic/push_device.(*sPushDevice).GetDeviceInfo
    /Users/laixin/Developer/统一推送/push/internal/logic/push_device/push_device.go:31
12. push/internal/logic/push_service.(*sPushService).SetPushServiceDevice
    /Users/laixin/Developer/统一推送/push/internal/logic/push_service/push_service.go:105
13. push/internal/controller.(*cPushService).SetPushServiceDevice
    /Users/laixin/Developer/统一推送/push/internal/controller/push_service.go:73
14. github.com/gogf/gf/v2/net/ghttp.(*middleware).callHandlerFunc.func1
    /Users/laixin/go/pkg/mod/github.com/gogf/gf/v2@v2.3.1/net/ghttp/ghttp_request_middleware.go:152
15. github.com/gogf/gf/v2/net/ghttp.niceCallFunc
    /Users/laixin/go/pkg/mod/github.com/gogf/gf/v2@v2.3.1/net/ghttp/ghttp_func.go:55
16. github.com/gogf/gf/v2/net/ghttp.(*middleware).callHandlerFunc
    /Users/laixin/go/pkg/mod/github.com/gogf/gf/v2@v2.3.1/net/ghttp/ghttp_request_middleware.go:129
17. github.com/gogf/gf/v2/net/ghttp.(*middleware).Next.func1
    /Users/laixin/go/pkg/mod/github.com/gogf/gf/v2@v2.3.1/net/ghttp/ghttp_request_middleware.go:75
18. github.com/gogf/gf/v2/util/gutil.TryCatch
    /Users/laixin/go/pkg/mod/github.com/gogf/gf/v2@v2.3.1/util/gutil/gutil.go:56
19. github.com/gogf/gf/v2/net/ghttp.(*middleware).Next
    /Users/laixin/go/pkg/mod/github.com/gogf/gf/v2@v2.3.1/net/ghttp/ghttp_request_middleware.go:49
20. push/internal/logic/middleware.HandlerResponse
    /Users/laixin/Developer/统一推送/push/internal/logic/middleware/handler_response.go:18
21. github.com/gogf/gf/v2/net/ghttp.(*middleware).Next.func1.1
    /Users/laixin/go/pkg/mod/github.com/gogf/gf/v2@v2.3.1/net/ghttp/ghttp_request_middleware.go:55
22. github.com/gogf/gf/v2/net/ghttp.niceCallFunc
    /Users/laixin/go/pkg/mod/github.com/gogf/gf/v2@v2.3.1/net/ghttp/ghttp_func.go:55
23. github.com/gogf/gf/v2/net/ghttp.(*middleware).Next.func1
    /Users/laixin/go/pkg/mod/github.com/gogf/gf/v2@v2.3.1/net/ghttp/ghttp_request_middleware.go:54
24. github.com/gogf/gf/v2/util/gutil.TryCatch
    /Users/laixin/go/pkg/mod/github.com/gogf/gf/v2@v2.3.1/util/gutil/gutil.go:56
25. github.com/gogf/gf/v2/net/ghttp.(*middleware).Next
    /Users/laixin/go/pkg/mod/github.com/gogf/gf/v2@v2.3.1/net/ghttp/ghttp_request_middleware.go:49
26. github.com/gogf/gf/v2/net/ghttp.internalMiddlewareServerTracing
    /Users/laixin/go/pkg/mod/github.com/gogf/gf/v2@v2.3.1/net/ghttp/ghttp_middleware_tracing.go:78
27. github.com/gogf/gf/v2/net/ghttp.(*middleware).Next.func1.5
    /Users/laixin/go/pkg/mod/github.com/gogf/gf/v2@v2.3.1/net/ghttp/ghttp_request_middleware.go:96
28. github.com/gogf/gf/v2/net/ghttp.niceCallFunc
    /Users/laixin/go/pkg/mod/github.com/gogf/gf/v2@v2.3.1/net/ghttp/ghttp_func.go:55
29. github.com/gogf/gf/v2/net/ghttp.(*middleware).Next.func1
    /Users/laixin/go/pkg/mod/github.com/gogf/gf/v2@v2.3.1/net/ghttp/ghttp_request_middleware.go:95
30. github.com/gogf/gf/v2/util/gutil.TryCatch
    /Users/laixin/go/pkg/mod/github.com/gogf/gf/v2@v2.3.1/util/gutil/gutil.go:56
31. github.com/gogf/gf/v2/net/ghttp.(*middleware).Next
    /Users/laixin/go/pkg/mod/github.com/gogf/gf/v2@v2.3.1/net/ghttp/ghttp_request_middleware.go:49
32. github.com/gogf/gf/v2/net/ghttp.(*Server).ServeHTTP
    /Users/laixin/go/pkg/mod/github.com/gogf/gf/v2@v2.3.1/net/ghttp/ghttp_server_handler.go:132

2023-03-29 21:47:14.073 [DEBU] {f8609685e5e750178301623e4e039740} [ 85 ms] [default] [push_service_go] [rows:6  ] SHOW FULL COLUMNS FROM `push_device`
2023-03-29 21:47:14.098 [DEBU] {f8609685e5e750178301623e4e039740} [ 23 ms] [default] [push_service_go] [rows:0  ] SELECT `id`,`base_url`,`service_id_list`,`latetst_push_time`,`device_status`,`create_time` FROM `push_device` WHERE id = 1 LIMIT 1
2023-03-29 21:47:16.160 [DEBU] {68e5da05e6e750178401623ed3ecede2} [ 22 ms] [default] [push_service_go] [rows:0  ] SELECT `id`,`base_url`,`service_id_list`,`latetst_push_time`,`device_status`,`create_time` FROM `push_device` WHERE id = 1 LIMIT 1
2023-03-29 21:53:05.559 [DEBU] {58744e5d37e85017de626e189427264d} [ 62 ms] [default] [push_service_go] [rows:6  ] SHOW FULL COLUMNS FROM `push_device`
2023-03-29 21:53:05.582 [DEBU] {58744e5d37e85017de626e189427264d} [ 22 ms] [default] [push_service_go] [rows:1  ] SELECT COUNT(1) FROM `push_device` WHERE id = 1
2023-03-29 21:53:05.604 [DEBU] {58744e5d37e85017de626e189427264d} [ 21 ms] [default] [push_service_go] [rows:1  ] SELECT COUNT(1) FROM `push_device` WHERE id = 2
2023-03-29 21:53:05.621 [DEBU] {58744e5d37e85017de626e189427264d} [ 17 ms] [default] [push_service_go] [rows:6  ] SHOW FULL COLUMNS FROM `push_service`
2023-03-29 21:53:05.645 [DEBU] {58744e5d37e85017de626e189427264d} [ 23 ms] [default] [push_service_go] [rows:1  ] UPDATE `push_service` SET `id`=1,`service_device`='[1,2]' WHERE `id`=1
2023-03-29 21:53:38.603 [DEBU] {9858800e3fe850171b306c445772ad15} [ 65 ms] [default] [push_service_go] [rows:6  ] SHOW FULL COLUMNS FROM `push_device`
2023-03-29 21:53:38.623 [DEBU] {9858800e3fe850171b306c445772ad15} [ 20 ms] [default] [push_service_go] [rows:1  ] SELECT COUNT(1) FROM `push_device` WHERE id = 1
2023-03-29 21:53:38.644 [DEBU] {9858800e3fe850171b306c445772ad15} [ 20 ms] [default] [push_service_go] [rows:1  ] SELECT COUNT(1) FROM `push_device` WHERE id = 2
2023-03-29 21:53:38.655 [DEBU] {9858800e3fe850171b306c445772ad15} [ 11 ms] [default] [push_service_go] [rows:6  ] SHOW FULL COLUMNS FROM `push_service`
2023-03-29 21:53:38.678 [DEBU] {9858800e3fe850171b306c445772ad15} [ 22 ms] [default] [push_service_go] [rows:1  ] UPDATE `push_service` SET `id`=1,`service_device`='' WHERE `id`=1
2023-03-29 21:53:40.097 [DEBU] {e83d716a3fe850171c306c447a5dd109} [ 22 ms] [default] [push_service_go] [rows:1  ] SELECT COUNT(1) FROM `push_device` WHERE id = 1
2023-03-29 21:53:40.118 [DEBU] {e83d716a3fe850171c306c447a5dd109} [ 21 ms] [default] [push_service_go] [rows:1  ] SELECT COUNT(1) FROM `push_device` WHERE id = 2
2023-03-29 21:53:40.141 [DEBU] {e83d716a3fe850171c306c447a5dd109} [ 23 ms] [default] [push_service_go] [rows:0  ] UPDATE `push_service` SET `service_device`='',`id`=1 WHERE `id`=1
2023-03-29 21:53:40.861 [DEBU] {a0c05e973fe850171d306c44022d3ca8} [ 32 ms] [default] [push_service_go] [rows:1  ] SELECT COUNT(1) FROM `push_device` WHERE id = 1
2023-03-29 21:53:40.884 [DEBU] {a0c05e973fe850171d306c44022d3ca8} [ 23 ms] [default] [push_service_go] [rows:1  ] SELECT COUNT(1) FROM `push_device` WHERE id = 2
2023-03-29 21:53:40.906 [DEBU] {a0c05e973fe850171d306c44022d3ca8} [ 22 ms] [default] [push_service_go] [rows:0  ] UPDATE `push_service` SET `id`=1,`service_device`='' WHERE `id`=1
2023-03-29 22:26:33.724 [DEBU] {b03dffec0aea50177466b35c25f5340a} [ 68 ms] [default] [push_service_go] [rows:7  ] SHOW FULL COLUMNS FROM `push_device`
2023-03-29 22:26:33.750 [DEBU] {b03dffec0aea50177466b35c25f5340a} [ 24 ms] [default] [push_service_go] [rows:1  ] INSERT INTO `push_device`(`base_url`,`service_id_list`,`latest_push_time`,`device_status`,`create_time`,`id`,`device_name`) VALUES('http://120.24.211.49:8183/uUJTpPuzUyLAUk5gytxHDZ/','',null,true,'2023-03-29 22:26:33',0,'hamster-se2020') 
2023-03-29 22:29:45.480 [DEBU] {68eaa99237ea50179e96c8645a2b4890} [ 64 ms] [default] [push_service_go] [rows:7  ] SHOW FULL COLUMNS FROM `push_device`
2023-03-29 22:29:45.505 [DEBU] {68eaa99237ea50179e96c8645a2b4890} [ 21 ms] [default] [push_service_go] [rows:1  ] SELECT COUNT(1) FROM `push_device` WHERE device_name = 'hamster-se2020'
2023-03-29 22:29:46.521 [DEBU] {f0116ed337ea50179f96c864532ab795} [ 21 ms] [default] [push_service_go] [rows:1  ] SELECT COUNT(1) FROM `push_device` WHERE device_name = 'hamster-se2020'
2023-03-29 22:29:47.278 [DEBU] {98d7730038ea5017a096c864bc44db47} [ 22 ms] [default] [push_service_go] [rows:1  ] SELECT COUNT(1) FROM `push_device` WHERE device_name = 'hamster-se2020'
2023-03-29 22:29:49.419 [DEBU] {48d52c8038ea5017a196c864db590be1} [ 20 ms] [default] [push_service_go] [rows:1  ] SELECT COUNT(1) FROM `push_device` WHERE device_name = 'hamster-se20201'
2023-03-29 22:29:49.440 [DEBU] {48d52c8038ea5017a196c864db590be1} [ 20 ms] [default] [push_service_go] [rows:1  ] SELECT COUNT(1) FROM `push_device` WHERE base_url = 'http://120.24.211.49:8183/uUJTpPuzUyLAUk5gytxHDZ/'
2023-03-29 22:29:49.464 [DEBU] {48d52c8038ea5017a196c864db590be1} [ 23 ms] [default] [push_service_go] [rows:1  ] INSERT INTO `push_device`(`service_id_list`,`latest_push_time`,`device_status`,`create_time`,`id`,`device_name`,`base_url`) VALUES('',null,true,'2023-03-29 22:29:49',0,'hamster-se20201','http://120.24.211.49:8183/uUJTpPuzUyLAUk5gytxHDZ/') 
2023-03-29 23:05:59.640 [DEBU] {d8531bc931ec50175aed7859195476f7} [ 58 ms] [default] [push_service_go] [rows:7  ] SHOW FULL COLUMNS FROM `push_device`
2023-03-29 23:05:59.663 [DEBU] {d8531bc931ec50175aed7859195476f7} [ 22 ms] [default] [push_service_go] [rows:1  ] SELECT COUNT(1) FROM `push_device` WHERE device_name = 'hamster-13mini'
2023-03-29 23:05:59.682 [DEBU] {d8531bc931ec50175aed7859195476f7} [ 19 ms] [default] [push_service_go] [rows:1  ] SELECT COUNT(1) FROM `push_device` WHERE base_url = 'http://120.24.211.49:8183/3AA4e3q8Ld5uAGNETH6zRG/'
2023-03-29 23:05:59.705 [DEBU] {d8531bc931ec50175aed7859195476f7} [ 22 ms] [default] [push_service_go] [rows:1  ] INSERT INTO `push_device`(`device_status`,`create_time`,`id`,`device_name`,`base_url`,`service_id_list`,`latest_push_time`) VALUES(true,'2023-03-29 23:05:59',0,'hamster-13mini','http://120.24.211.49:8183/3AA4e3q8Ld5uAGNETH6zRG/','',null) 
2023-03-29 23:06:22.753 [DEBU] {d893992d37ec50175bed7859a9cb6338} [ 11 ms] [default] [push_service_go] [rows:5  ] SHOW FULL COLUMNS FROM `push_service`
2023-03-29 23:06:22.765 [DEBU] {d893992d37ec50175bed7859a9cb6338} [ 11 ms] [default] [push_service_go] [rows:0  ] SELECT `id`,`service_name`,`service_sign`,`service_status`,`service_push_time` FROM `push_service`
2023-03-29 23:06:24.646 [DEBU] {10e9779e37ec50175ced785909b6721a} [ 10 ms] [default] [push_service_go] [rows:0  ] SELECT `id`,`service_name`,`service_sign`,`service_status`,`service_push_time` FROM `push_service`
2023-03-29 23:06:25.150 [DEBU] {c0d48bbc37ec50175ded7859a5e4dbd4} [ 10 ms] [default] [push_service_go] [rows:0  ] SELECT `id`,`service_name`,`service_sign`,`service_status`,`service_push_time` FROM `push_service`
2023-03-29 23:06:25.657 [DEBU] {3087cdda37ec50175eed78592a8c25df} [ 10 ms] [default] [push_service_go] [rows:0  ] SELECT `id`,`service_name`,`service_sign`,`service_status`,`service_push_time` FROM `push_service`
2023-03-29 23:06:44.270 [DEBU] {c0b55d2d3cec50177e9bd51ad7cf7d77} [ 57 ms] [default] [push_service_go] [rows:5  ] SHOW FULL COLUMNS FROM `push_service`
2023-03-29 23:06:44.281 [DEBU] {c0b55d2d3cec50177e9bd51ad7cf7d77} [  9 ms] [default] [push_service_go] [rows:0  ] SELECT `id`,`service_name`,`service_sign`,`service_status`,`service_push_time` FROM `push_service`
2023-03-29 23:06:45.619 [DEBU] {707a72803cec50177f9bd51a256b4383} [ 11 ms] [default] [push_service_go] [rows:0  ] SELECT `id`,`service_name`,`service_sign`,`service_status`,`service_push_time` FROM `push_service`
2023-03-29 23:06:46.906 [DEBU] {28484fcd3cec5017809bd51a6f6dc5c5} [ 10 ms] [default] [push_service_go] [rows:0  ] SELECT `id`,`service_name`,`service_sign`,`service_status`,`service_push_time` FROM `push_service`
2023-03-29 23:06:47.625 [DEBU] {00fc38f83cec5017819bd51a8e0c03e6} [  9 ms] [default] [push_service_go] [rows:0  ] SELECT `id`,`service_name`,`service_sign`,`service_status`,`service_push_time` FROM `push_service`
2023-03-29 23:07:27.603 [DEBU] {d000604346ec5017829bd51ac5ac75d7} [ 68 ms] [default] [push_service_go] [rows:1  ] SELECT COUNT(1) FROM `push_service` WHERE `service_name`='UptimeKuma'
2023-03-29 23:07:27.627 [DEBU] {d000604346ec5017829bd51ac5ac75d7} [ 21 ms] [default] [push_service_go] [rows:1  ] SELECT COUNT(1) FROM `push_service` WHERE `service_sign`='UptimeKuma_Push'
2023-03-29 23:07:27.651 [DEBU] {d000604346ec5017829bd51ac5ac75d7} [ 23 ms] [default] [push_service_go] [rows:1  ] INSERT INTO `push_service`(`id`,`service_name`,`service_sign`,`service_status`,`service_push_time`) VALUES(0,'UptimeKuma','UptimeKuma_Push',true,'2023-03-29 23:07:27') 
2023-03-29 23:07:53.841 [DEBU] {a82110624cec5017839bd51adad23deb} [ 23 ms] [default] [push_service_go] [rows:1  ] SELECT COUNT(1) FROM `push_service` WHERE id = 4
2023-03-29 23:07:54.984 [DEBU] {78895ca64cec5017849bd51a8b1eacfd} [ 22 ms] [default] [push_service_go] [rows:1  ] SELECT COUNT(1) FROM `push_service` WHERE id = 4
2023-03-29 23:08:35.231 [DEBU] {1882c70256ec5017cd227b6862c189d6} [ 62 ms] [default] [push_service_go] [rows:5  ] SHOW FULL COLUMNS FROM `push_service`
2023-03-29 23:08:35.253 [DEBU] {1882c70256ec5017cd227b6862c189d6} [ 21 ms] [default] [push_service_go] [rows:1  ] SELECT COUNT(1) FROM `push_service` WHERE id = 4
2023-03-29 23:09:32.803 [DEBU] {a0d7606a63ec5017fc14ba1abb64cf48} [ 62 ms] [default] [push_service_go] [rows:5  ] SHOW FULL COLUMNS FROM `push_service`
2023-03-29 23:09:32.825 [DEBU] {a0d7606a63ec5017fc14ba1abb64cf48} [ 22 ms] [default] [push_service_go] [rows:1  ] SELECT COUNT(1) FROM `push_service` WHERE id = 4
2023-03-29 23:10:12.816 [DEBU] {b8835bbb6cec5017daf6941a2e718f7d} [ 60 ms] [default] [push_service_go] [rows:5  ] SHOW FULL COLUMNS FROM `push_service`
2023-03-29 23:10:12.837 [DEBU] {b8835bbb6cec5017daf6941a2e718f7d} [ 19 ms] [default] [push_service_go] [rows:1  ] SELECT COUNT(1) FROM `push_service` WHERE id = 4
2023-03-29 23:10:35.871 [DEBU] {180b341972ec50172465bc09cd624ab3} [ 65 ms] [default] [push_service_go] [rows:5  ] SHOW FULL COLUMNS FROM `push_service`
2023-03-29 23:10:35.891 [DEBU] {180b341972ec50172465bc09cd624ab3} [ 19 ms] [default] [push_service_go] [rows:1  ] SELECT COUNT(1) FROM `push_service` WHERE id = 4
2023-03-29 23:10:53.887 [DEBU] {10b02e4b76ec5017d2c4de6d9cefede5} [ 62 ms] [default] [push_service_go] [rows:5  ] SHOW FULL COLUMNS FROM `push_service`
2023-03-29 23:10:53.909 [DEBU] {10b02e4b76ec5017d2c4de6d9cefede5} [ 21 ms] [default] [push_service_go] [rows:1  ] SELECT COUNT(1) FROM `push_service` WHERE id = 4
2023-03-29 23:11:06.916 [DEBU] {b8c5695479ec50176561a07dd164c05e} [ 54 ms] [default] [push_service_go] [rows:5  ] SHOW FULL COLUMNS FROM `push_service`
2023-03-29 23:11:06.935 [DEBU] {b8c5695479ec50176561a07dd164c05e} [ 19 ms] [default] [push_service_go] [rows:1  ] SELECT COUNT(1) FROM `push_service` WHERE id = 4
2023-03-29 23:11:35.069 [DEBU] {e033dbe17fec5017242cba2e2b060d91} [ 64 ms] [default] [push_service_go] [rows:5  ] SHOW FULL COLUMNS FROM `push_service`
2023-03-29 23:11:35.092 [DEBU] {e033dbe17fec5017242cba2e2b060d91} [ 22 ms] [default] [push_service_go] [rows:1  ] SELECT COUNT(1) FROM `push_service` WHERE id = 4
2023-03-29 23:11:35.102 [DEBU] {e033dbe17fec5017242cba2e2b060d91} [ 10 ms] [default] [push_service_go] [rows:7  ] SHOW FULL COLUMNS FROM `push_device`
2023-03-29 23:11:35.126 [DEBU] {e033dbe17fec5017242cba2e2b060d91} [ 24 ms] [default] [push_service_go] [rows:1  ] UPDATE `push_device` SET `service_id_list`='[4]' WHERE id = 1
2023-03-29 23:11:40.130 [DEBU] {10d5dd1181ec5017252cba2e24c95ecb} [ 24 ms] [default] [push_service_go] [rows:1  ] SELECT COUNT(1) FROM `push_service` WHERE id = 1
2023-03-29 23:11:40.154 [DEBU] {10d5dd1181ec5017252cba2e24c95ecb} [ 23 ms] [default] [push_service_go] [rows:1  ] UPDATE `push_device` SET `service_id_list`='[1]' WHERE id = 1
2023-03-29 23:11:44.699 [DEBU] {1086752282ec5017262cba2e101d769e} [ 22 ms] [default] [push_service_go] [rows:1  ] SELECT COUNT(1) FROM `push_service` WHERE id = 1
2023-03-29 23:11:44.721 [DEBU] {1086752282ec5017262cba2e101d769e} [ 21 ms] [default] [push_service_go] [rows:1  ] SELECT COUNT(1) FROM `push_service` WHERE id = 2
2023-03-29 23:11:44.747 [DEBU] {1086752282ec5017262cba2e101d769e} [ 25 ms] [default] [push_service_go] [rows:1  ] SELECT COUNT(1) FROM `push_service` WHERE id = 3
2023-03-29 23:11:44.770 [DEBU] {1086752282ec5017262cba2e101d769e} [ 23 ms] [default] [push_service_go] [rows:1  ] UPDATE `push_device` SET `service_id_list`='[1,2,3]' WHERE id = 1
2023-03-29 23:11:49.712 [DEBU] {402d184d83ec5017272cba2eefb0e3f4} [ 24 ms] [default] [push_service_go] [rows:1  ] SELECT COUNT(1) FROM `push_service` WHERE id = 1
2023-03-29 23:11:49.734 [DEBU] {402d184d83ec5017272cba2eefb0e3f4} [ 21 ms] [default] [push_service_go] [rows:1  ] SELECT COUNT(1) FROM `push_service` WHERE id = 2
2023-03-29 23:11:49.756 [DEBU] {402d184d83ec5017272cba2eefb0e3f4} [ 22 ms] [default] [push_service_go] [rows:1  ] SELECT COUNT(1) FROM `push_service` WHERE id = 3
2023-03-29 23:11:49.780 [DEBU] {402d184d83ec5017272cba2eefb0e3f4} [ 24 ms] [default] [push_service_go] [rows:0  ] UPDATE `push_device` SET `service_id_list`='[1,2,3]' WHERE id = 1
2023-03-29 23:11:50.336 [DEBU] {50b24e7283ec5017282cba2e9db3c75c} [ 24 ms] [default] [push_service_go] [rows:1  ] SELECT COUNT(1) FROM `push_service` WHERE id = 1
2023-03-29 23:11:50.358 [DEBU] {50b24e7283ec5017282cba2e9db3c75c} [ 21 ms] [default] [push_service_go] [rows:1  ] SELECT COUNT(1) FROM `push_service` WHERE id = 2
2023-03-29 23:11:50.379 [DEBU] {50b24e7283ec5017282cba2e9db3c75c} [ 20 ms] [default] [push_service_go] [rows:1  ] SELECT COUNT(1) FROM `push_service` WHERE id = 3
2023-03-29 23:11:50.404 [DEBU] {50b24e7283ec5017282cba2e9db3c75c} [ 24 ms] [default] [push_service_go] [rows:0  ] UPDATE `push_device` SET `service_id_list`='[1,2,3]' WHERE id = 1
2023-03-29 23:11:50.934 [DEBU] {08391e9683ec5017292cba2e9966a30f} [ 21 ms] [default] [push_service_go] [rows:1  ] SELECT COUNT(1) FROM `push_service` WHERE id = 1
2023-03-29 23:11:50.955 [DEBU] {08391e9683ec5017292cba2e9966a30f} [ 21 ms] [default] [push_service_go] [rows:1  ] SELECT COUNT(1) FROM `push_service` WHERE id = 2
2023-03-29 23:11:50.979 [DEBU] {08391e9683ec5017292cba2e9966a30f} [ 21 ms] [default] [push_service_go] [rows:1  ] SELECT COUNT(1) FROM `push_service` WHERE id = 3
2023-03-29 23:11:51.001 [DEBU] {08391e9683ec5017292cba2e9966a30f} [ 22 ms] [default] [push_service_go] [rows:0  ] UPDATE `push_device` SET `service_id_list`='[1,2,3]' WHERE id = 1
2023-03-29 23:13:28.047 [DEBU] {60f19a2e9aec50172a2cba2e25c3e10d} [ 87 ms] [default] [push_service_go] [rows:1  ] SELECT COUNT(1) FROM `push_service` WHERE id = 1
2023-03-29 23:13:28.068 [DEBU] {60f19a2e9aec50172a2cba2e25c3e10d} [ 19 ms] [default] [push_service_go] [rows:1  ] SELECT COUNT(1) FROM `push_service` WHERE id = 2
2023-03-29 23:13:28.087 [DEBU] {60f19a2e9aec50172a2cba2e25c3e10d} [ 19 ms] [default] [push_service_go] [rows:1  ] SELECT COUNT(1) FROM `push_service` WHERE id = 3
2023-03-29 23:13:28.107 [DEBU] {60f19a2e9aec50172a2cba2e25c3e10d} [ 19 ms] [default] [push_service_go] [rows:1  ] UPDATE `push_device` SET `service_id_list`='[1,2,3]' WHERE id = 3
2023-03-29 23:14:47.799 [DEBU] {d03d0cc1acec5017b81c5b5ff1daacd8} [ 66 ms] [default] [push_service_go] [rows:5  ] SHOW FULL COLUMNS FROM `push_service`
2023-03-29 23:14:47.821 [DEBU] {d03d0cc1acec5017b81c5b5ff1daacd8} [ 21 ms] [default] [push_service_go] [rows:1  ] SELECT COUNT(1) FROM `push_service` WHERE id = 1
2023-03-29 23:14:47.842 [DEBU] {d03d0cc1acec5017b81c5b5ff1daacd8} [ 20 ms] [default] [push_service_go] [rows:1  ] SELECT COUNT(1) FROM `push_service` WHERE id = 2
2023-03-29 23:14:47.862 [DEBU] {d03d0cc1acec5017b81c5b5ff1daacd8} [ 20 ms] [default] [push_service_go] [rows:1  ] SELECT COUNT(1) FROM `push_service` WHERE id = 3
2023-03-29 23:14:47.873 [DEBU] {d03d0cc1acec5017b81c5b5ff1daacd8} [ 11 ms] [default] [push_service_go] [rows:7  ] SHOW FULL COLUMNS FROM `push_device`
2023-03-29 23:14:47.894 [DEBU] {d03d0cc1acec5017b81c5b5ff1daacd8} [ 21 ms] [default] [push_service_go] [rows:1  ] UPDATE `push_device` SET `service_id_list`='[3]' WHERE id = 1
2023-03-29 23:14:59.151 [DEBU] {a004b268afec5017b91c5b5fed629818} [ 21 ms] [default] [push_service_go] [rows:1  ] SELECT COUNT(1) FROM `push_service` WHERE id = 1
2023-03-29 23:14:59.175 [DEBU] {a004b268afec5017b91c5b5fed629818} [ 22 ms] [default] [push_service_go] [rows:1  ] SELECT COUNT(1) FROM `push_service` WHERE id = 2
2023-03-29 23:14:59.197 [DEBU] {a004b268afec5017b91c5b5fed629818} [ 19 ms] [default] [push_service_go] [rows:1  ] SELECT COUNT(1) FROM `push_service` WHERE id = 3
2023-03-29 23:14:59.218 [DEBU] {a004b268afec5017b91c5b5fed629818} [ 21 ms] [default] [push_service_go] [rows:1  ] UPDATE `push_device` SET `service_id_list`='[3]' WHERE id = 3
