2023-03-30 00:16:08.115 {f84d4ea905f05017d9aa53077f97b783} 200 "POST http 127.0.0.1:10099 /PushCore HTTP/1.1" 0.000, 127.0.0.1, "", "Apifox/1.0.0 (https://www.apifox.cn)", -1, "", "", 推送签名不能为空
2023-03-30 00:16:39.435 {506e15f40cf05017daaa5307d994019c} 500 "POST http 127.0.0.1:10099 /PushCore HTTP/1.1" 0.001, 127.0.0.1, "", "Apifox/1.0.0 (https://www.apifox.cn)", 50, "Internal Error", "", exception recovered: implement not found for interface IPushCore, forgot register?
2023-03-30 00:18:30.247 {c00f9bbb26f050178817774d588acf69} 500 "POST http 127.0.0.1:10099 /PushCore HTTP/1.1" 0.090, 127.0.0.1, "", "Apifox/1.0.0 (https://www.apifox.cn)", 50, "Internal Error", "", exception recovered: reflect: call of reflect.Value.Type on zero Value
2023-03-30 00:18:55.173 {581ccd892cf05017956a67094946722f} 500 "POST http 127.0.0.1:10099 /PushCore HTTP/1.1" 0.083, 127.0.0.1, "", "Apifox/1.0.0 (https://www.apifox.cn)", 50, "Internal Error", "", exception recovered: reflect: call of reflect.Value.Type on zero Value
2023-03-30 00:19:08.435 {c0f77f9f2ff0501776d444371283a401} 500 "POST http 127.0.0.1:10099 /PushCore HTTP/1.1" 0.096, 127.0.0.1, "", "Apifox/1.0.0 (https://www.apifox.cn)", 50, "Internal Error", "", exception recovered: reflect: call of reflect.Value.Type on zero Value
2023-03-30 00:19:30.506 {58358bc834f05017a5924d7a8c233e4c} 200 "POST http 127.0.0.1:10099 /PushCore HTTP/1.1" 0.004, 127.0.0.1, "", "Apifox/1.0.0 (https://www.apifox.cn)", -1, "", "", 推送内容不能为空
2023-03-30 00:19:31.611 {98ac910a35f05017a6924d7a6643395c} 200 "POST http 127.0.0.1:10099 /PushCore HTTP/1.1" 0.002, 127.0.0.1, "", "Apifox/1.0.0 (https://www.apifox.cn)", -1, "", "", 推送内容不能为空
2023-03-30 00:19:44.247 {b8e4faf537f05017a7924d7ad91bf12d} 500 "POST http 127.0.0.1:10099 /PushCore HTTP/1.1" 0.098, 127.0.0.1, "", "Apifox/1.0.0 (https://www.apifox.cn)", 50, "Internal Error", "", exception recovered: reflect: call of reflect.Value.Type on zero Value
2023-03-30 00:20:34.243 {f0b2e09943f0501795d41411f2c4c67f} 500 "POST http 127.0.0.1:10099 /PushCore HTTP/1.1" 0.099, 127.0.0.1, "", "Apifox/1.0.0 (https://www.apifox.cn)", 50, "Internal Error", "", exception recovered: reflect: call of reflect.Value.Type on zero Value
2023-03-30 00:21:10.353 {804f92034cf05017d0713705a6c27ab8} 500 "POST http 127.0.0.1:10099 /PushCore HTTP/1.1" 0.076, 127.0.0.1, "", "Apifox/1.0.0 (https://www.apifox.cn)", 50, "Internal Error", "", exception recovered: reflect: call of reflect.Value.Type on zero Value
2023-03-30 00:21:53.371 {10c9620656f0501766ee3678c4ea9bd8} 200 "POST http 127.0.0.1:10099 /PushCore HTTP/1.1" 0.097, 127.0.0.1, "", "Apifox/1.0.0 (https://www.apifox.cn)", 53, "Invalid Parameter", "", the parameter "pointer" for function Scan should type of pointer
2023-03-30 00:22:16.769 {b81096795bf050174adf30275a6088b4} 200 "POST http 127.0.0.1:10099 /PushCore HTTP/1.1" 0.088, 127.0.0.1, "", "Apifox/1.0.0 (https://www.apifox.cn)", 53, "Invalid Parameter", "", the parameter "pointer" for function Scan should type of pointer
2023-03-30 00:36:17.141 {f8c12c231ff150171e50e858e12082f0} 500 "POST http 127.0.0.1:10099 /PushCore HTTP/1.1" 0.096, 127.0.0.1, "", "Apifox/1.0.0 (https://www.apifox.cn)", 50, "Internal Error", "", exception recovered: implement not found for interface IPushLog, forgot register?
2023-03-30 00:36:59.372 {a0b168f528f15017870d4f134d4a3268} 200 "POST http 127.0.0.1:10099 /PushCore HTTP/1.1" 0.145, 127.0.0.1, "", "Apifox/1.0.0 (https://www.apifox.cn)", 52, "Database Operation Error", "", Error 1366: Incorrect string value: '\xF0\x9F\x94\xB4 D...' for column 'push_info' at row 1, INSERT INTO `push_log`(`push_info`,`push_service`,`push_time`,`push_status`,`err_info`) VALUES('{
    "heartbeat": {
        "monitorID": 30,
        "status": 0,
        "time": "2023-03-29 15:39:01.286",
        "msg": "timeout of 48000ms exceeded",
        "important": true,
        "duration": 59
    },
    "monitor": {
        "id": 30,
        "name": "服务器探针",
        "url": "http://120.24.211.49:35600/#",
        "method": "GET",
        "hostname": null,
        "port": null,
        "maxretries": 0,
        "weight": 2000,
        "active": 1,
        "type": "http",
        "interval": 60,
        "retryInterval": 60,
        "resendInterval": 0,
        "keyword": null,
        "expiryNotification": false,
        "ignoreTls": false,
        "upsideDown": false,
        "packetSize": 56,
        "maxredirects": 10,
        "accepted_statuscodes": [
            "200-299"
        ],
        "dns_resolve_type": "A",
        "dns_resolve_server": "1.1.1.1",
        "dns_last_result": null,
        "docker_container": "",
        "docker_host": null,
        "proxyId": null,
        "notificationIDList": {
            "1": true,
            "2": true
        },
        "tags": [
            {
                "id": 11,
                "monitor_id": 30,
                "tag_id": 3,
                "value": "服务器探针",
                "name": "开发服务",
                "color": "#4B5563"
            }
        ],
        "maintenance": false,
        "mqttTopic": "",
        "mqttSuccessMessage": "",
        "databaseQuery": null,
        "authMethod": null,
        "grpcUrl": null,
        "grpcProtobuf": null,
        "grpcMethod": null,
        "grpcServiceName": null,
        "grpcEnableTls": false,
        "radiusCalledStationId": null,
        "radiusCallingStationId": null,
        "game": null,
        "includeSensitiveData": false
    },
    "msg": "[服务器探针] [🔴 Down] timeout of 48000ms exceeded"
}','UptimeKuma_Push','2023-03-30 00:36:59',false,'Error 1064: You have an error in your SQL syntax; check the manual that corresponds to your MySQL server version for the right syntax to use near \'WHERE `id`=?\' at line 1, UPDATE `push_service` SET service_push_time WHERE `id`=3') 
2023-03-30 00:37:10.405 {603e0f8c2bf15017880d4f139f4d1c4e} 200 "POST http 127.0.0.1:10099 /PushCore HTTP/1.1" 0.061, 127.0.0.1, "", "Apifox/1.0.0 (https://www.apifox.cn)", 52, "Database Operation Error", "", Error 1366: Incorrect string value: '\xF0\x9F\x94\xB4 D...' for column 'push_info' at row 1, INSERT INTO `push_log`(`push_time`,`push_status`,`err_info`,`push_info`,`push_service`) VALUES('2023-03-30 00:37:10',false,'Error 1064: You have an error in your SQL syntax; check the manual that corresponds to your MySQL server version for the right syntax to use near \'WHERE `id`=?\' at line 1, UPDATE `push_service` SET service_push_time WHERE `id`=3','{
    "heartbeat": {
        "monitorID": 30,
        "status": 0,
        "time": "2023-03-29 15:39:01.286",
        "msg": "timeout of 48000ms exceeded",
        "important": true,
        "duration": 59
    },
    "monitor": {
        "id": 30,
        "name": "服务器探针",
        "url": "http://120.24.211.49:35600/#",
        "method": "GET",
        "hostname": null,
        "port": null,
        "maxretries": 0,
        "weight": 2000,
        "active": 1,
        "type": "http",
        "interval": 60,
        "retryInterval": 60,
        "resendInterval": 0,
        "keyword": null,
        "expiryNotification": false,
        "ignoreTls": false,
        "upsideDown": false,
        "packetSize": 56,
        "maxredirects": 10,
        "accepted_statuscodes": [
            "200-299"
        ],
        "dns_resolve_type": "A",
        "dns_resolve_server": "1.1.1.1",
        "dns_last_result": null,
        "docker_container": "",
        "docker_host": null,
        "proxyId": null,
        "notificationIDList": {
            "1": true,
            "2": true
        },
        "tags": [
            {
                "id": 11,
                "monitor_id": 30,
                "tag_id": 3,
                "value": "服务器探针",
                "name": "开发服务",
                "color": "#4B5563"
            }
        ],
        "maintenance": false,
        "mqttTopic": "",
        "mqttSuccessMessage": "",
        "databaseQuery": null,
        "authMethod": null,
        "grpcUrl": null,
        "grpcProtobuf": null,
        "grpcMethod": null,
        "grpcServiceName": null,
        "grpcEnableTls": false,
        "radiusCalledStationId": null,
        "radiusCallingStationId": null,
        "game": null,
        "includeSensitiveData": false
    },
    "msg": "[服务器探针] [🔴 Down] timeout of 48000ms exceeded"
}','UptimeKuma_Push') 
2023-03-30 00:38:58.752 {d88ec5c144f15017ff1db109c507e061} 200 "POST http 127.0.0.1:10099 /PushCore HTTP/1.1" 0.132, 127.0.0.1, "", "Apifox/1.0.0 (https://www.apifox.cn)", 52, "Database Operation Error", "", Error 1366: Incorrect string value: '\xF0\x9F\x94\xB4 D...' for column 'push_info' at row 1, INSERT INTO `push_log`(`push_status`,`err_info`,`push_info`,`push_service`,`push_time`) VALUES(false,'Error 1064: You have an error in your SQL syntax; check the manual that corresponds to your MySQL server version for the right syntax to use near \'WHERE `id`=?\' at line 1, UPDATE `push_service` SET service_push_time WHERE `id`=3','{
    "heartbeat": {
        "monitorID": 30,
        "status": 0,
        "time": "2023-03-29 15:39:01.286",
        "msg": "timeout of 48000ms exceeded",
        "important": true,
        "duration": 59
    },
    "monitor": {
        "id": 30,
        "name": "服务器探针",
        "url": "http://120.24.211.49:35600/#",
        "method": "GET",
        "hostname": null,
        "port": null,
        "maxretries": 0,
        "weight": 2000,
        "active": 1,
        "type": "http",
        "interval": 60,
        "retryInterval": 60,
        "resendInterval": 0,
        "keyword": null,
        "expiryNotification": false,
        "ignoreTls": false,
        "upsideDown": false,
        "packetSize": 56,
        "maxredirects": 10,
        "accepted_statuscodes": [
            "200-299"
        ],
        "dns_resolve_type": "A",
        "dns_resolve_server": "1.1.1.1",
        "dns_last_result": null,
        "docker_container": "",
        "docker_host": null,
        "proxyId": null,
        "notificationIDList": {
            "1": true,
            "2": true
        },
        "tags": [
            {
                "id": 11,
                "monitor_id": 30,
                "tag_id": 3,
                "value": "服务器探针",
                "name": "开发服务",
                "color": "#4B5563"
            }
        ],
        "maintenance": false,
        "mqttTopic": "",
        "mqttSuccessMessage": "",
        "databaseQuery": null,
        "authMethod": null,
        "grpcUrl": null,
        "grpcProtobuf": null,
        "grpcMethod": null,
        "grpcServiceName": null,
        "grpcEnableTls": false,
        "radiusCalledStationId": null,
        "radiusCallingStationId": null,
        "game": null,
        "includeSensitiveData": false
    },
    "msg": "[服务器探针] [🔴 Down] timeout of 48000ms exceeded"
}','UptimeKuma_Push','2023-03-30 00:38:58') 
2023-03-30 00:48:48.522 {88328df9cdf1501739de720d10715d95} 500 "POST http 127.0.0.1:10099 /PushCore HTTP/1.1" 0.556, 127.0.0.1, "", "Apifox/1.0.0 (https://www.apifox.cn)", 50, "Internal Error", "", exception recovered: runtime error: invalid memory address or nil pointer dereference
2023-03-30 01:05:03.770 {e0ed010bb1f250173cde720dffef2154} 500 "POST http 127.0.0.1:10099 /PushCore HTTP/1.1" 0.556, 127.0.0.1, "", "Apifox/1.0.0 (https://www.apifox.cn)", 50, "Internal Error", "", exception recovered: runtime error: invalid memory address or nil pointer dereference
